ERROR   (2003-10-30) 15:29.00:670   [core.manager] (Unknown-URI) Unknown-thread/J2eeDataSource: Problem with JNDI lookup of datasource
javax.naming.NameNotFoundException: Name jdbc is not bound in this Context
	at org.apache.naming.NamingContext.lookup(NamingContext.java:811)
	at org.apache.naming.NamingContext.lookup(NamingContext.java:181)
	at org.apache.naming.NamingContext.lookup(NamingContext.java:822)
	at org.apache.naming.NamingContext.lookup(NamingContext.java:181)
	at org.apache.naming.NamingContext.lookup(NamingContext.java:822)
	at org.apache.naming.NamingContext.lookup(NamingContext.java:194)
	at org.apache.naming.SelectorContext.lookup(SelectorContext.java:183)
	at javax.naming.InitialContext.lookup(InitialContext.java:347)
	at org.apache.avalon.excalibur.datasource.J2eeDataSource.configure(J2eeDataSource.java:95)
	at org.apache.avalon.excalibur.component.DefaultComponentFactory.newInstance(DefaultComponentFactory.java:185)
	at org.apache.avalon.excalibur.component.ThreadSafeComponentHandler.initialize(ThreadSafeComponentHandler.java:98)
	at org.apache.avalon.excalibur.component.ExcaliburComponentSelector.addComponent(ExcaliburComponentSelector.java:537)
	at org.apache.avalon.excalibur.component.ExcaliburComponentSelector.configure(ExcaliburComponentSelector.java:353)
	at org.apache.avalon.excalibur.component.DefaultComponentFactory.newInstance(DefaultComponentFactory.java:185)
	at org.apache.avalon.excalibur.component.ThreadSafeComponentHandler.initialize(ThreadSafeComponentHandler.java:98)
	at org.apache.avalon.excalibur.component.ExcaliburComponentManager.initialize(ExcaliburComponentManager.java:158)
	at org.apache.cocoon.Cocoon.initialize(Cocoon.java:270)
	at org.apache.cocoon.servlet.CocoonServlet.createCocoon(CocoonServlet.java:1237)
	at org.apache.cocoon.servlet.CocoonServlet.init(CocoonServlet.java:435)
	at org.apache.catalina.core.StandardWrapper.loadServlet(StandardWrapper.java:918)
	at org.apache.catalina.core.StandardWrapper.load(StandardWrapper.java:810)
	at org.apache.catalina.core.StandardContext.loadOnStartup(StandardContext.java:3279)
	at org.apache.catalina.core.StandardContext.start(StandardContext.java:3421)
	at org.apache.catalina.core.ContainerBase.start(ContainerBase.java:1123)
	at org.apache.catalina.core.StandardHost.start(StandardHost.java:638)
	at org.apache.catalina.core.ContainerBase.start(ContainerBase.java:1123)
	at org.apache.catalina.core.StandardEngine.start(StandardEngine.java:343)
	at org.apache.catalina.core.StandardService.start(StandardService.java:388)
	at org.apache.catalina.core.StandardServer.start(StandardServer.java:506)
	at org.apache.catalina.startup.Catalina.start(Catalina.java:781)
	at org.apache.catalina.startup.Catalina.execute(Catalina.java:681)
	at org.apache.catalina.startup.Catalina.process(Catalina.java:179)
	at sun.reflect.NativeMethodAccessorImpl.invoke0(Native Method)
	at sun.reflect.NativeMethodAccessorImpl.invoke(NativeMethodAccessorImpl.java:39)
	at sun.reflect.DelegatingMethodAccessorImpl.invoke(DelegatingMethodAccessorImpl.java:25)
	at java.lang.reflect.Method.invoke(Method.java:324)
	at org.apache.catalina.startup.Bootstrap.main(Bootstrap.java:243)
ERROR   (2003-10-30) 15:29.00:670   [core.manager] (Unknown-URI) Unknown-thread/ExcaliburComponentSelector: Could not set up Component for hint: ScheduleDs
org.apache.avalon.framework.configuration.ConfigurationException: Could not use JNDI to find datasource
	at org.apache.avalon.excalibur.datasource.J2eeDataSource.configure(J2eeDataSource.java:105)
	at org.apache.avalon.excalibur.component.DefaultComponentFactory.newInstance(DefaultComponentFactory.java:185)
	at org.apache.avalon.excalibur.component.ThreadSafeComponentHandler.initialize(ThreadSafeComponentHandler.java:98)
	at org.apache.avalon.excalibur.component.ExcaliburComponentSelector.addComponent(ExcaliburComponentSelector.java:537)
	at org.apache.avalon.excalibur.component.ExcaliburComponentSelector.configure(ExcaliburComponentSelector.java:353)
	at org.apache.avalon.excalibur.component.DefaultComponentFactory.newInstance(DefaultComponentFactory.java:185)
	at org.apache.avalon.excalibur.component.ThreadSafeComponentHandler.initialize(ThreadSafeComponentHandler.java:98)
	at org.apache.avalon.excalibur.component.ExcaliburComponentManager.initialize(ExcaliburComponentManager.java:158)
	at org.apache.cocoon.Cocoon.initialize(Cocoon.java:270)
	at org.apache.cocoon.servlet.CocoonServlet.createCocoon(CocoonServlet.java:1237)
	at org.apache.cocoon.servlet.CocoonServlet.init(CocoonServlet.java:435)
	at org.apache.catalina.core.StandardWrapper.loadServlet(StandardWrapper.java:918)
	at org.apache.catalina.core.StandardWrapper.load(StandardWrapper.java:810)
	at org.apache.catalina.core.StandardContext.loadOnStartup(StandardContext.java:3279)
	at org.apache.catalina.core.StandardContext.start(StandardContext.java:3421)
	at org.apache.catalina.core.ContainerBase.start(ContainerBase.java:1123)
	at org.apache.catalina.core.StandardHost.start(StandardHost.java:638)
	at org.apache.catalina.core.ContainerBase.start(ContainerBase.java:1123)
	at org.apache.catalina.core.StandardEngine.start(StandardEngine.java:343)
	at org.apache.catalina.core.StandardService.start(StandardService.java:388)
	at org.apache.catalina.core.StandardServer.start(StandardServer.java:506)
	at org.apache.catalina.startup.Catalina.start(Catalina.java:781)
	at org.apache.catalina.startup.Catalina.execute(Catalina.java:681)
	at org.apache.catalina.startup.Catalina.process(Catalina.java:179)
	at sun.reflect.NativeMethodAccessorImpl.invoke0(Native Method)
	at sun.reflect.NativeMethodAccessorImpl.invoke(NativeMethodAccessorImpl.java:39)
	at sun.reflect.DelegatingMethodAccessorImpl.invoke(DelegatingMethodAccessorImpl.java:25)
	at java.lang.reflect.Method.invoke(Method.java:324)
	at org.apache.catalina.startup.Bootstrap.main(Bootstrap.java:243)
Caused by: javax.naming.NameNotFoundException: Name jdbc is not bound in this Context
	at org.apache.naming.NamingContext.lookup(NamingContext.java:811)
	at org.apache.naming.NamingContext.lookup(NamingContext.java:181)
	at org.apache.naming.NamingContext.lookup(NamingContext.java:822)
	at org.apache.naming.NamingContext.lookup(NamingContext.java:181)
	at org.apache.naming.NamingContext.lookup(NamingContext.java:822)
	at org.apache.naming.NamingContext.lookup(NamingContext.java:194)
	at org.apache.naming.SelectorContext.lookup(SelectorContext.java:183)
	at javax.naming.InitialContext.lookup(InitialContext.java:347)
	at org.apache.avalon.excalibur.datasource.J2eeDataSource.configure(J2eeDataSource.java:95)
	... 28 more
javax.naming.NameNotFoundException: Name jdbc is not bound in this Context
	at org.apache.naming.NamingContext.lookup(NamingContext.java:811)
	at org.apache.naming.NamingContext.lookup(NamingContext.java:181)
	at org.apache.naming.NamingContext.lookup(NamingContext.java:822)
	at org.apache.naming.NamingContext.lookup(NamingContext.java:181)
	at org.apache.naming.NamingContext.lookup(NamingContext.java:822)
	at org.apache.naming.NamingContext.lookup(NamingContext.java:194)
	at org.apache.naming.SelectorContext.lookup(SelectorContext.java:183)
	at javax.naming.InitialContext.lookup(InitialContext.java:347)
	at org.apache.avalon.excalibur.datasource.J2eeDataSource.configure(J2eeDataSource.java:95)
	at org.apache.avalon.excalibur.component.DefaultComponentFactory.newInstance(DefaultComponentFactory.java:185)
	at org.apache.avalon.excalibur.component.ThreadSafeComponentHandler.initialize(ThreadSafeComponentHandler.java:98)
	at org.apache.avalon.excalibur.component.ExcaliburComponentSelector.addComponent(ExcaliburComponentSelector.java:537)
	at org.apache.avalon.excalibur.component.ExcaliburComponentSelector.configure(ExcaliburComponentSelector.java:353)
	at org.apache.avalon.excalibur.component.DefaultComponentFactory.newInstance(DefaultComponentFactory.java:185)
	at org.apache.avalon.excalibur.component.ThreadSafeComponentHandler.initialize(ThreadSafeComponentHandler.java:98)
	at org.apache.avalon.excalibur.component.ExcaliburComponentManager.initialize(ExcaliburComponentManager.java:158)
	at org.apache.cocoon.Cocoon.initialize(Cocoon.java:270)
	at org.apache.cocoon.servlet.CocoonServlet.createCocoon(CocoonServlet.java:1237)
	at org.apache.cocoon.servlet.CocoonServlet.init(CocoonServlet.java:435)
	at org.apache.catalina.core.StandardWrapper.loadServlet(StandardWrapper.java:918)
	at org.apache.catalina.core.StandardWrapper.load(StandardWrapper.java:810)
	at org.apache.catalina.core.StandardContext.loadOnStartup(StandardContext.java:3279)
	at org.apache.catalina.core.StandardContext.start(StandardContext.java:3421)
	at org.apache.catalina.core.ContainerBase.start(ContainerBase.java:1123)
	at org.apache.catalina.core.StandardHost.start(StandardHost.java:638)
	at org.apache.catalina.core.ContainerBase.start(ContainerBase.java:1123)
	at org.apache.catalina.core.StandardEngine.start(StandardEngine.java:343)
	at org.apache.catalina.core.StandardService.start(StandardService.java:388)
	at org.apache.catalina.core.StandardServer.start(StandardServer.java:506)
	at org.apache.catalina.startup.Catalina.start(Catalina.java:781)
	at org.apache.catalina.startup.Catalina.execute(Catalina.java:681)
	at org.apache.catalina.startup.Catalina.process(Catalina.java:179)
	at sun.reflect.NativeMethodAccessorImpl.invoke0(Native Method)
	at sun.reflect.NativeMethodAccessorImpl.invoke(NativeMethodAccessorImpl.java:39)
	at sun.reflect.DelegatingMethodAccessorImpl.invoke(DelegatingMethodAccessorImpl.java:25)
	at java.lang.reflect.Method.invoke(Method.java:324)
	at org.apache.catalina.startup.Bootstrap.main(Bootstrap.java:243)
ERROR   (2003-10-30) 15:29.00:680   [core.manager] (Unknown-URI) Unknown-thread/ExcaliburComponentSelector: The component instance for 'ScheduleDs' is not valid.
org.apache.avalon.framework.component.ComponentException: Could not set up Component for hint: ScheduleDs
	at org.apache.avalon.excalibur.component.ExcaliburComponentSelector.addComponent(ExcaliburComponentSelector.java:554)
	at org.apache.avalon.excalibur.component.ExcaliburComponentSelector.configure(ExcaliburComponentSelector.java:353)
	at org.apache.avalon.excalibur.component.DefaultComponentFactory.newInstance(DefaultComponentFactory.java:185)
	at org.apache.avalon.excalibur.component.ThreadSafeComponentHandler.initialize(ThreadSafeComponentHandler.java:98)
	at org.apache.avalon.excalibur.component.ExcaliburComponentManager.initialize(ExcaliburComponentManager.java:158)
	at org.apache.cocoon.Cocoon.initialize(Cocoon.java:270)
	at org.apache.cocoon.servlet.CocoonServlet.createCocoon(CocoonServlet.java:1237)
	at org.apache.cocoon.servlet.CocoonServlet.init(CocoonServlet.java:435)
	at org.apache.catalina.core.StandardWrapper.loadServlet(StandardWrapper.java:918)
	at org.apache.catalina.core.StandardWrapper.load(StandardWrapper.java:810)
	at org.apache.catalina.core.StandardContext.loadOnStartup(StandardContext.java:3279)
	at org.apache.catalina.core.StandardContext.start(StandardContext.java:3421)
	at org.apache.catalina.core.ContainerBase.start(ContainerBase.java:1123)
	at org.apache.catalina.core.StandardHost.start(StandardHost.java:638)
	at org.apache.catalina.core.ContainerBase.start(ContainerBase.java:1123)
	at org.apache.catalina.core.StandardEngine.start(StandardEngine.java:343)
	at org.apache.catalina.core.StandardService.start(StandardService.java:388)
	at org.apache.catalina.core.StandardServer.start(StandardServer.java:506)
	at org.apache.catalina.startup.Catalina.start(Catalina.java:781)
	at org.apache.catalina.startup.Catalina.execute(Catalina.java:681)
	at org.apache.catalina.startup.Catalina.process(Catalina.java:179)
	at sun.reflect.NativeMethodAccessorImpl.invoke0(Native Method)
	at sun.reflect.NativeMethodAccessorImpl.invoke(NativeMethodAccessorImpl.java:39)
	at sun.reflect.DelegatingMethodAccessorImpl.invoke(DelegatingMethodAccessorImpl.java:25)
	at java.lang.reflect.Method.invoke(Method.java:324)
	at org.apache.catalina.startup.Bootstrap.main(Bootstrap.java:243)
Caused by: org.apache.avalon.framework.configuration.ConfigurationException: Could not use JNDI to find datasource
	at org.apache.avalon.excalibur.datasource.J2eeDataSource.configure(J2eeDataSource.java:105)
	at org.apache.avalon.excalibur.component.DefaultComponentFactory.newInstance(DefaultComponentFactory.java:185)
	at org.apache.avalon.excalibur.component.ThreadSafeComponentHandler.initialize(ThreadSafeComponentHandler.java:98)
	at org.apache.avalon.excalibur.component.ExcaliburComponentSelector.addComponent(ExcaliburComponentSelector.java:537)
	... 25 more
Caused by: javax.naming.NameNotFoundException: Name jdbc is not bound in this Context
	at org.apache.naming.NamingContext.lookup(NamingContext.java:811)
	at org.apache.naming.NamingContext.lookup(NamingContext.java:181)
	at org.apache.naming.NamingContext.lookup(NamingContext.java:822)
	at org.apache.naming.NamingContext.lookup(NamingContext.java:181)
	at org.apache.naming.NamingContext.lookup(NamingContext.java:822)
	at org.apache.naming.NamingContext.lookup(NamingContext.java:194)
	at org.apache.naming.SelectorContext.lookup(SelectorContext.java:183)
	at javax.naming.InitialContext.lookup(InitialContext.java:347)
	at org.apache.avalon.excalibur.datasource.J2eeDataSource.configure(J2eeDataSource.java:95)
	... 28 more
org.apache.avalon.framework.configuration.ConfigurationException: Could not use JNDI to find datasource
	at org.apache.avalon.excalibur.datasource.J2eeDataSource.configure(J2eeDataSource.java:105)
	at org.apache.avalon.excalibur.component.DefaultComponentFactory.newInstance(DefaultComponentFactory.java:185)
	at org.apache.avalon.excalibur.component.ThreadSafeComponentHandler.initialize(ThreadSafeComponentHandler.java:98)
	at org.apache.avalon.excalibur.component.ExcaliburComponentSelector.addComponent(ExcaliburComponentSelector.java:537)
	at org.apache.avalon.excalibur.component.ExcaliburComponentSelector.configure(ExcaliburComponentSelector.java:353)
	at org.apache.avalon.excalibur.component.DefaultComponentFactory.newInstance(DefaultComponentFactory.java:185)
	at org.apache.avalon.excalibur.component.ThreadSafeComponentHandler.initialize(ThreadSafeComponentHandler.java:98)
	at org.apache.avalon.excalibur.component.ExcaliburComponentManager.initialize(ExcaliburComponentManager.java:158)
	at org.apache.cocoon.Cocoon.initialize(Cocoon.java:270)
	at org.apache.cocoon.servlet.CocoonServlet.createCocoon(CocoonServlet.java:1237)
	at org.apache.cocoon.servlet.CocoonServlet.init(CocoonServlet.java:435)
	at org.apache.catalina.core.StandardWrapper.loadServlet(StandardWrapper.java:918)
	at org.apache.catalina.core.StandardWrapper.load(StandardWrapper.java:810)
	at org.apache.catalina.core.StandardContext.loadOnStartup(StandardContext.java:3279)
	at org.apache.catalina.core.StandardContext.start(StandardContext.java:3421)
	at org.apache.catalina.core.ContainerBase.start(ContainerBase.java:1123)
	at org.apache.catalina.core.StandardHost.start(StandardHost.java:638)
	at org.apache.catalina.core.ContainerBase.start(ContainerBase.java:1123)
	at org.apache.catalina.core.StandardEngine.start(StandardEngine.java:343)
	at org.apache.catalina.core.StandardService.start(StandardService.java:388)
	at org.apache.catalina.core.StandardServer.start(StandardServer.java:506)
	at org.apache.catalina.startup.Catalina.start(Catalina.java:781)
	at org.apache.catalina.startup.Catalina.execute(Catalina.java:681)
	at org.apache.catalina.startup.Catalina.process(Catalina.java:179)
	at sun.reflect.NativeMethodAccessorImpl.invoke0(Native Method)
	at sun.reflect.NativeMethodAccessorImpl.invoke(NativeMethodAccessorImpl.java:39)
	at sun.reflect.DelegatingMethodAccessorImpl.invoke(DelegatingMethodAccessorImpl.java:25)
	at java.lang.reflect.Method.invoke(Method.java:324)
	at org.apache.catalina.startup.Bootstrap.main(Bootstrap.java:243)
Caused by: javax.naming.NameNotFoundException: Name jdbc is not bound in this Context
	at org.apache.naming.NamingContext.lookup(NamingContext.java:811)
	at org.apache.naming.NamingContext.lookup(NamingContext.java:181)
	at org.apache.naming.NamingContext.lookup(NamingContext.java:822)
	at org.apache.naming.NamingContext.lookup(NamingContext.java:181)
	at org.apache.naming.NamingContext.lookup(NamingContext.java:822)
	at org.apache.naming.NamingContext.lookup(NamingContext.java:194)
	at org.apache.naming.SelectorContext.lookup(SelectorContext.java:183)
	at javax.naming.InitialContext.lookup(InitialContext.java:347)
	at org.apache.avalon.excalibur.datasource.J2eeDataSource.configure(J2eeDataSource.java:95)
	... 28 more
javax.naming.NameNotFoundException: Name jdbc is not bound in this Context
	at org.apache.naming.NamingContext.lookup(NamingContext.java:811)
	at org.apache.naming.NamingContext.lookup(NamingContext.java:181)
	at org.apache.naming.NamingContext.lookup(NamingContext.java:822)
	at org.apache.naming.NamingContext.lookup(NamingContext.java:181)
	at org.apache.naming.NamingContext.lookup(NamingContext.java:822)
	at org.apache.naming.NamingContext.lookup(NamingContext.java:194)
	at org.apache.naming.SelectorContext.lookup(SelectorContext.java:183)
	at javax.naming.InitialContext.lookup(InitialContext.java:347)
	at org.apache.avalon.excalibur.datasource.J2eeDataSource.configure(J2eeDataSource.java:95)
	at org.apache.avalon.excalibur.component.DefaultComponentFactory.newInstance(DefaultComponentFactory.java:185)
	at org.apache.avalon.excalibur.component.ThreadSafeComponentHandler.initialize(ThreadSafeComponentHandler.java:98)
	at org.apache.avalon.excalibur.component.ExcaliburComponentSelector.addComponent(ExcaliburComponentSelector.java:537)
	at org.apache.avalon.excalibur.component.ExcaliburComponentSelector.configure(ExcaliburComponentSelector.java:353)
	at org.apache.avalon.excalibur.component.DefaultComponentFactory.newInstance(DefaultComponentFactory.java:185)
	at org.apache.avalon.excalibur.component.ThreadSafeComponentHandler.initialize(ThreadSafeComponentHandler.java:98)
	at org.apache.avalon.excalibur.component.ExcaliburComponentManager.initialize(ExcaliburComponentManager.java:158)
	at org.apache.cocoon.Cocoon.initialize(Cocoon.java:270)
	at org.apache.cocoon.servlet.CocoonServlet.createCocoon(CocoonServlet.java:1237)
	at org.apache.cocoon.servlet.CocoonServlet.init(CocoonServlet.java:435)
	at org.apache.catalina.core.StandardWrapper.loadServlet(StandardWrapper.java:918)
	at org.apache.catalina.core.StandardWrapper.load(StandardWrapper.java:810)
	at org.apache.catalina.core.StandardContext.loadOnStartup(StandardContext.java:3279)
	at org.apache.catalina.core.StandardContext.start(StandardContext.java:3421)
	at org.apache.catalina.core.ContainerBase.start(ContainerBase.java:1123)
	at org.apache.catalina.core.StandardHost.start(StandardHost.java:638)
	at org.apache.catalina.core.ContainerBase.start(ContainerBase.java:1123)
	at org.apache.catalina.core.StandardEngine.start(StandardEngine.java:343)
	at org.apache.catalina.core.StandardService.start(StandardService.java:388)
	at org.apache.catalina.core.StandardServer.start(StandardServer.java:506)
	at org.apache.catalina.startup.Catalina.start(Catalina.java:781)
	at org.apache.catalina.startup.Catalina.execute(Catalina.java:681)
	at org.apache.catalina.startup.Catalina.process(Catalina.java:179)
	at sun.reflect.NativeMethodAccessorImpl.invoke0(Native Method)
	at sun.reflect.NativeMethodAccessorImpl.invoke(NativeMethodAccessorImpl.java:39)
	at sun.reflect.DelegatingMethodAccessorImpl.invoke(DelegatingMethodAccessorImpl.java:25)
	at java.lang.reflect.Method.invoke(Method.java:324)
	at org.apache.catalina.startup.Bootstrap.main(Bootstrap.java:243)
ERROR   (2003-10-30) 15:29.00:690   [core.manager] (Unknown-URI) Unknown-thread/ExcaliburComponentManager: Caught an exception trying to initialize the component handler.
org.apache.avalon.framework.configuration.ConfigurationException: Could not set up component
	at org.apache.avalon.excalibur.component.ExcaliburComponentSelector.configure(ExcaliburComponentSelector.java:375)
	at org.apache.avalon.excalibur.component.DefaultComponentFactory.newInstance(DefaultComponentFactory.java:185)
	at org.apache.avalon.excalibur.component.ThreadSafeComponentHandler.initialize(ThreadSafeComponentHandler.java:98)
	at org.apache.avalon.excalibur.component.ExcaliburComponentManager.initialize(ExcaliburComponentManager.java:158)
	at org.apache.cocoon.Cocoon.initialize(Cocoon.java:270)
	at org.apache.cocoon.servlet.CocoonServlet.createCocoon(CocoonServlet.java:1237)
	at org.apache.cocoon.servlet.CocoonServlet.init(CocoonServlet.java:435)
	at org.apache.catalina.core.StandardWrapper.loadServlet(StandardWrapper.java:918)
	at org.apache.catalina.core.StandardWrapper.load(StandardWrapper.java:810)
	at org.apache.catalina.core.StandardContext.loadOnStartup(StandardContext.java:3279)
	at org.apache.catalina.core.StandardContext.start(StandardContext.java:3421)
	at org.apache.catalina.core.ContainerBase.start(ContainerBase.java:1123)
	at org.apache.catalina.core.StandardHost.start(StandardHost.java:638)
	at org.apache.catalina.core.ContainerBase.start(ContainerBase.java:1123)
	at org.apache.catalina.core.StandardEngine.start(StandardEngine.java:343)
	at org.apache.catalina.core.StandardService.start(StandardService.java:388)
	at org.apache.catalina.core.StandardServer.start(StandardServer.java:506)
	at org.apache.catalina.startup.Catalina.start(Catalina.java:781)
	at org.apache.catalina.startup.Catalina.execute(Catalina.java:681)
	at org.apache.catalina.startup.Catalina.process(Catalina.java:179)
	at sun.reflect.NativeMethodAccessorImpl.invoke0(Native Method)
	at sun.reflect.NativeMethodAccessorImpl.invoke(NativeMethodAccessorImpl.java:39)
	at sun.reflect.DelegatingMethodAccessorImpl.invoke(DelegatingMethodAccessorImpl.java:25)
	at java.lang.reflect.Method.invoke(Method.java:324)
	at org.apache.catalina.startup.Bootstrap.main(Bootstrap.java:243)
Caused by: org.apache.avalon.framework.component.ComponentException: Could not set up Component for hint: ScheduleDs
	at org.apache.avalon.excalibur.component.ExcaliburComponentSelector.addComponent(ExcaliburComponentSelector.java:554)
	at org.apache.avalon.excalibur.component.ExcaliburComponentSelector.configure(ExcaliburComponentSelector.java:353)
	... 24 more
Caused by: org.apache.avalon.framework.configuration.ConfigurationException: Could not use JNDI to find datasource
	at org.apache.avalon.excalibur.datasource.J2eeDataSource.configure(J2eeDataSource.java:105)
	at org.apache.avalon.excalibur.component.DefaultComponentFactory.newInstance(DefaultComponentFactory.java:185)
	at org.apache.avalon.excalibur.component.ThreadSafeComponentHandler.initialize(ThreadSafeComponentHandler.java:98)
	at org.apache.avalon.excalibur.component.ExcaliburComponentSelector.addComponent(ExcaliburComponentSelector.java:537)
	... 25 more
Caused by: javax.naming.NameNotFoundException: Name jdbc is not bound in this Context
	at org.apache.naming.NamingContext.lookup(NamingContext.java:811)
	at org.apache.naming.NamingContext.lookup(NamingContext.java:181)
	at org.apache.naming.NamingContext.lookup(NamingContext.java:822)
	at org.apache.naming.NamingContext.lookup(NamingContext.java:181)
	at org.apache.naming.NamingContext.lookup(NamingContext.java:822)
	at org.apache.naming.NamingContext.lookup(NamingContext.java:194)
	at org.apache.naming.SelectorContext.lookup(SelectorContext.java:183)
	at javax.naming.InitialContext.lookup(InitialContext.java:347)
	at org.apache.avalon.excalibur.datasource.J2eeDataSource.configure(J2eeDataSource.java:95)
	... 28 more
org.apache.avalon.framework.component.ComponentException: Could not set up Component for hint: ScheduleDs
	at org.apache.avalon.excalibur.component.ExcaliburComponentSelector.addComponent(ExcaliburComponentSelector.java:554)
	at org.apache.avalon.excalibur.component.ExcaliburComponentSelector.configure(ExcaliburComponentSelector.java:353)
	at org.apache.avalon.excalibur.component.DefaultComponentFactory.newInstance(DefaultComponentFactory.java:185)
	at org.apache.avalon.excalibur.component.ThreadSafeComponentHandler.initialize(ThreadSafeComponentHandler.java:98)
	at org.apache.avalon.excalibur.component.ExcaliburComponentManager.initialize(ExcaliburComponentManager.java:158)
	at org.apache.cocoon.Cocoon.initialize(Cocoon.java:270)
	at org.apache.cocoon.servlet.CocoonServlet.createCocoon(CocoonServlet.java:1237)
	at org.apache.cocoon.servlet.CocoonServlet.init(CocoonServlet.java:435)
	at org.apache.catalina.core.StandardWrapper.loadServlet(StandardWrapper.java:918)
	at org.apache.catalina.core.StandardWrapper.load(StandardWrapper.java:810)
	at org.apache.catalina.core.StandardContext.loadOnStartup(StandardContext.java:3279)
	at org.apache.catalina.core.StandardContext.start(StandardContext.java:3421)
	at org.apache.catalina.core.ContainerBase.start(ContainerBase.java:1123)
	at org.apache.catalina.core.StandardHost.start(StandardHost.java:638)
	at org.apache.catalina.core.ContainerBase.start(ContainerBase.java:1123)
	at org.apache.catalina.core.StandardEngine.start(StandardEngine.java:343)
	at org.apache.catalina.core.StandardService.start(StandardService.java:388)
	at org.apache.catalina.core.StandardServer.start(StandardServer.java:506)
	at org.apache.catalina.startup.Catalina.start(Catalina.java:781)
	at org.apache.catalina.startup.Catalina.execute(Catalina.java:681)
	at org.apache.catalina.startup.Catalina.process(Catalina.java:179)
	at sun.reflect.NativeMethodAccessorImpl.invoke0(Native Method)
	at sun.reflect.NativeMethodAccessorImpl.invoke(NativeMethodAccessorImpl.java:39)
	at sun.reflect.DelegatingMethodAccessorImpl.invoke(DelegatingMethodAccessorImpl.java:25)
	at java.lang.reflect.Method.invoke(Method.java:324)
	at org.apache.catalina.startup.Bootstrap.main(Bootstrap.java:243)
Caused by: org.apache.avalon.framework.configuration.ConfigurationException: Could not use JNDI to find datasource
	at org.apache.avalon.excalibur.datasource.J2eeDataSource.configure(J2eeDataSource.java:105)
	at org.apache.avalon.excalibur.component.DefaultComponentFactory.newInstance(DefaultComponentFactory.java:185)
	at org.apache.avalon.excalibur.component.ThreadSafeComponentHandler.initialize(ThreadSafeComponentHandler.java:98)
	at org.apache.avalon.excalibur.component.ExcaliburComponentSelector.addComponent(ExcaliburComponentSelector.java:537)
	... 25 more
Caused by: javax.naming.NameNotFoundException: Name jdbc is not bound in this Context
	at org.apache.naming.NamingContext.lookup(NamingContext.java:811)
	at org.apache.naming.NamingContext.lookup(NamingContext.java:181)
	at org.apache.naming.NamingContext.lookup(NamingContext.java:822)
	at org.apache.naming.NamingContext.lookup(NamingContext.java:181)
	at org.apache.naming.NamingContext.lookup(NamingContext.java:822)
	at org.apache.naming.NamingContext.lookup(NamingContext.java:194)
	at org.apache.naming.SelectorContext.lookup(SelectorContext.java:183)
	at javax.naming.InitialContext.lookup(InitialContext.java:347)
	at org.apache.avalon.excalibur.datasource.J2eeDataSource.configure(J2eeDataSource.java:95)
	... 28 more
org.apache.avalon.framework.configuration.ConfigurationException: Could not use JNDI to find datasource
	at org.apache.avalon.excalibur.datasource.J2eeDataSource.configure(J2eeDataSource.java:105)
	at org.apache.avalon.excalibur.component.DefaultComponentFactory.newInstance(DefaultComponentFactory.java:185)
	at org.apache.avalon.excalibur.component.ThreadSafeComponentHandler.initialize(ThreadSafeComponentHandler.java:98)
	at org.apache.avalon.excalibur.component.ExcaliburComponentSelector.addComponent(ExcaliburComponentSelector.java:537)
	at org.apache.avalon.excalibur.component.ExcaliburComponentSelector.configure(ExcaliburComponentSelector.java:353)
	at org.apache.avalon.excalibur.component.DefaultComponentFactory.newInstance(DefaultComponentFactory.java:185)
	at org.apache.avalon.excalibur.component.ThreadSafeComponentHandler.initialize(ThreadSafeComponentHandler.java:98)
	at org.apache.avalon.excalibur.component.ExcaliburComponentManager.initialize(ExcaliburComponentManager.java:158)
	at org.apache.cocoon.Cocoon.initialize(Cocoon.java:270)
	at org.apache.cocoon.servlet.CocoonServlet.createCocoon(CocoonServlet.java:1237)
	at org.apache.cocoon.servlet.CocoonServlet.init(CocoonServlet.java:435)
	at org.apache.catalina.core.StandardWrapper.loadServlet(StandardWrapper.java:918)
	at org.apache.catalina.core.StandardWrapper.load(StandardWrapper.java:810)
	at org.apache.catalina.core.StandardContext.loadOnStartup(StandardContext.java:3279)
	at org.apache.catalina.core.StandardContext.start(StandardContext.java:3421)
	at org.apache.catalina.core.ContainerBase.start(ContainerBase.java:1123)
	at org.apache.catalina.core.StandardHost.start(StandardHost.java:638)
	at org.apache.catalina.core.ContainerBase.start(ContainerBase.java:1123)
	at org.apache.catalina.core.StandardEngine.start(StandardEngine.java:343)
	at org.apache.catalina.core.StandardService.start(StandardService.java:388)
	at org.apache.catalina.core.StandardServer.start(StandardServer.java:506)
	at org.apache.catalina.startup.Catalina.start(Catalina.java:781)
	at org.apache.catalina.startup.Catalina.execute(Catalina.java:681)
	at org.apache.catalina.startup.Catalina.process(Catalina.java:179)
	at sun.reflect.NativeMethodAccessorImpl.invoke0(Native Method)
	at sun.reflect.NativeMethodAccessorImpl.invoke(NativeMethodAccessorImpl.java:39)
	at sun.reflect.DelegatingMethodAccessorImpl.invoke(DelegatingMethodAccessorImpl.java:25)
	at java.lang.reflect.Method.invoke(Method.java:324)
	at org.apache.catalina.startup.Bootstrap.main(Bootstrap.java:243)
Caused by: javax.naming.NameNotFoundException: Name jdbc is not bound in this Context
	at org.apache.naming.NamingContext.lookup(NamingContext.java:811)
	at org.apache.naming.NamingContext.lookup(NamingContext.java:181)
	at org.apache.naming.NamingContext.lookup(NamingContext.java:822)
	at org.apache.naming.NamingContext.lookup(NamingContext.java:181)
	at org.apache.naming.NamingContext.lookup(NamingContext.java:822)
	at org.apache.naming.NamingContext.lookup(NamingContext.java:194)
	at org.apache.naming.SelectorContext.lookup(SelectorContext.java:183)
	at javax.naming.InitialContext.lookup(InitialContext.java:347)
	at org.apache.avalon.excalibur.datasource.J2eeDataSource.configure(J2eeDataSource.java:95)
	... 28 more
javax.naming.NameNotFoundException: Name jdbc is not bound in this Context
	at org.apache.naming.NamingContext.lookup(NamingContext.java:811)
	at org.apache.naming.NamingContext.lookup(NamingContext.java:181)
	at org.apache.naming.NamingContext.lookup(NamingContext.java:822)
	at org.apache.naming.NamingContext.lookup(NamingContext.java:181)
	at org.apache.naming.NamingContext.lookup(NamingContext.java:822)
	at org.apache.naming.NamingContext.lookup(NamingContext.java:194)
	at org.apache.naming.SelectorContext.lookup(SelectorContext.java:183)
	at javax.naming.InitialContext.lookup(InitialContext.java:347)
	at org.apache.avalon.excalibur.datasource.J2eeDataSource.configure(J2eeDataSource.java:95)
	at org.apache.avalon.excalibur.component.DefaultComponentFactory.newInstance(DefaultComponentFactory.java:185)
	at org.apache.avalon.excalibur.component.ThreadSafeComponentHandler.initialize(ThreadSafeComponentHandler.java:98)
	at org.apache.avalon.excalibur.component.ExcaliburComponentSelector.addComponent(ExcaliburComponentSelector.java:537)
	at org.apache.avalon.excalibur.component.ExcaliburComponentSelector.configure(ExcaliburComponentSelector.java:353)
	at org.apache.avalon.excalibur.component.DefaultComponentFactory.newInstance(DefaultComponentFactory.java:185)
	at org.apache.avalon.excalibur.component.ThreadSafeComponentHandler.initialize(ThreadSafeComponentHandler.java:98)
	at org.apache.avalon.excalibur.component.ExcaliburComponentManager.initialize(ExcaliburComponentManager.java:158)
	at org.apache.cocoon.Cocoon.initialize(Cocoon.java:270)
	at org.apache.cocoon.servlet.CocoonServlet.createCocoon(CocoonServlet.java:1237)
	at org.apache.cocoon.servlet.CocoonServlet.init(CocoonServlet.java:435)
	at org.apache.catalina.core.StandardWrapper.loadServlet(StandardWrapper.java:918)
	at org.apache.catalina.core.StandardWrapper.load(StandardWrapper.java:810)
	at org.apache.catalina.core.StandardContext.loadOnStartup(StandardContext.java:3279)
	at org.apache.catalina.core.StandardContext.start(StandardContext.java:3421)
	at org.apache.catalina.core.ContainerBase.start(ContainerBase.java:1123)
	at org.apache.catalina.core.StandardHost.start(StandardHost.java:638)
	at org.apache.catalina.core.ContainerBase.start(ContainerBase.java:1123)
	at org.apache.catalina.core.StandardEngine.start(StandardEngine.java:343)
	at org.apache.catalina.core.StandardService.start(StandardService.java:388)
	at org.apache.catalina.core.StandardServer.start(StandardServer.java:506)
	at org.apache.catalina.startup.Catalina.start(Catalina.java:781)
	at org.apache.catalina.startup.Catalina.execute(Catalina.java:681)
	at org.apache.catalina.startup.Catalina.process(Catalina.java:179)
	at sun.reflect.NativeMethodAccessorImpl.invoke0(Native Method)
	at sun.reflect.NativeMethodAccessorImpl.invoke(NativeMethodAccessorImpl.java:39)
	at sun.reflect.DelegatingMethodAccessorImpl.invoke(DelegatingMethodAccessorImpl.java:25)
	at java.lang.reflect.Method.invoke(Method.java:324)
	at org.apache.catalina.startup.Bootstrap.main(Bootstrap.java:243)
ERROR   (2003-10-30) 15:29.20:939   [access] (Unknown-URI) Unknown-thread/CocoonServlet: Cocoon servlet threw an Exception while trying to close stream.
java.io.IOException: The stream has been closed
	at org.apache.catalina.connector.ResponseStream.flush(ResponseStream.java:237)
	at org.apache.cocoon.servlet.CocoonServlet.service(CocoonServlet.java:1126)
	at javax.servlet.http.HttpServlet.service(HttpServlet.java:853)
	at org.apache.catalina.core.ApplicationFilterChain.internalDoFilter(ApplicationFilterChain.java:247)
	at org.apache.catalina.core.ApplicationFilterChain.doFilter(ApplicationFilterChain.java:193)
	at org.apache.catalina.core.StandardWrapperValve.invoke(StandardWrapperValve.java:243)
	at org.apache.catalina.core.StandardPipeline.invokeNext(StandardPipeline.java:566)
	at org.apache.catalina.core.StandardPipeline.invoke(StandardPipeline.java:472)
	at org.apache.catalina.core.ContainerBase.invoke(ContainerBase.java:943)
	at org.apache.catalina.core.StandardContextValve.invoke(StandardContextValve.java:190)
	at org.apache.catalina.core.StandardPipeline.invokeNext(StandardPipeline.java:566)
	at org.apache.catalina.valves.CertificatesValve.invoke(CertificatesValve.java:246)
	at org.apache.catalina.core.StandardPipeline.invokeNext(StandardPipeline.java:564)
	at org.apache.catalina.core.StandardPipeline.invoke(StandardPipeline.java:472)
	at org.apache.catalina.core.ContainerBase.invoke(ContainerBase.java:943)
	at org.apache.catalina.core.StandardContext.invoke(StandardContext.java:2347)
	at org.apache.catalina.core.StandardHostValve.invoke(StandardHostValve.java:180)
	at org.apache.catalina.core.StandardPipeline.invokeNext(StandardPipeline.java:566)
	at org.apache.catalina.valves.ErrorDispatcherValve.invoke(ErrorDispatcherValve.java:170)
	at org.apache.catalina.core.StandardPipeline.invokeNext(StandardPipeline.java:564)
	at org.apache.catalina.valves.ErrorReportValve.invoke(ErrorReportValve.java:170)
	at org.apache.catalina.core.StandardPipeline.invokeNext(StandardPipeline.java:564)
	at org.apache.catalina.core.StandardPipeline.invoke(StandardPipeline.java:472)
	at org.apache.catalina.core.ContainerBase.invoke(ContainerBase.java:943)
	at org.apache.catalina.core.StandardEngineValve.invoke(StandardEngineValve.java:174)
	at org.apache.catalina.core.StandardPipeline.invokeNext(StandardPipeline.java:566)
	at org.apache.catalina.core.StandardPipeline.invoke(StandardPipeline.java:472)
	at org.apache.catalina.core.ContainerBase.invoke(ContainerBase.java:943)
	at org.apache.catalina.connector.http.HttpProcessor.process(HttpProcessor.java:1027)
	at org.apache.catalina.connector.http.HttpProcessor.run(HttpProcessor.java:1125)
	at java.lang.Thread.run(Thread.java:536)
ERROR   (2003-10-30) 15:30.50:458   [access] (Unknown-URI) Unknown-thread/CocoonServlet: Cocoon servlet threw an Exception while trying to close stream.
java.io.IOException: The stream has been closed
	at org.apache.catalina.connector.ResponseStream.flush(ResponseStream.java:237)
	at org.apache.cocoon.servlet.CocoonServlet.service(CocoonServlet.java:1126)
	at javax.servlet.http.HttpServlet.service(HttpServlet.java:853)
	at org.apache.catalina.core.ApplicationFilterChain.internalDoFilter(ApplicationFilterChain.java:247)
	at org.apache.catalina.core.ApplicationFilterChain.doFilter(ApplicationFilterChain.java:193)
	at org.apache.catalina.core.StandardWrapperValve.invoke(StandardWrapperValve.java:243)
	at org.apache.catalina.core.StandardPipeline.invokeNext(StandardPipeline.java:566)
	at org.apache.catalina.core.StandardPipeline.invoke(StandardPipeline.java:472)
	at org.apache.catalina.core.ContainerBase.invoke(ContainerBase.java:943)
	at org.apache.catalina.core.StandardContextValve.invoke(StandardContextValve.java:190)
	at org.apache.catalina.core.StandardPipeline.invokeNext(StandardPipeline.java:566)
	at org.apache.catalina.valves.CertificatesValve.invoke(CertificatesValve.java:246)
	at org.apache.catalina.core.StandardPipeline.invokeNext(StandardPipeline.java:564)
	at org.apache.catalina.core.StandardPipeline.invoke(StandardPipeline.java:472)
	at org.apache.catalina.core.ContainerBase.invoke(ContainerBase.java:943)
	at org.apache.catalina.core.StandardContext.invoke(StandardContext.java:2347)
	at org.apache.catalina.core.StandardHostValve.invoke(StandardHostValve.java:180)
	at org.apache.catalina.core.StandardPipeline.invokeNext(StandardPipeline.java:566)
	at org.apache.catalina.valves.ErrorDispatcherValve.invoke(ErrorDispatcherValve.java:170)
	at org.apache.catalina.core.StandardPipeline.invokeNext(StandardPipeline.java:564)
	at org.apache.catalina.valves.ErrorReportValve.invoke(ErrorReportValve.java:170)
	at org.apache.catalina.core.StandardPipeline.invokeNext(StandardPipeline.java:564)
	at org.apache.catalina.core.StandardPipeline.invoke(StandardPipeline.java:472)
	at org.apache.catalina.core.ContainerBase.invoke(ContainerBase.java:943)
	at org.apache.catalina.core.StandardEngineValve.invoke(StandardEngineValve.java:174)
	at org.apache.catalina.core.StandardPipeline.invokeNext(StandardPipeline.java:566)
	at org.apache.catalina.core.StandardPipeline.invoke(StandardPipeline.java:472)
	at org.apache.catalina.core.ContainerBase.invoke(ContainerBase.java:943)
	at org.apache.catalina.connector.http.HttpProcessor.process(HttpProcessor.java:1027)
	at org.apache.catalina.connector.http.HttpProcessor.run(HttpProcessor.java:1125)
	at java.lang.Thread.run(Thread.java:536)
